  GarbageCollector.c
C:\ikp\ikp\IKP\GarbageCollector.c(45,26): warning C4047: '=': 'PointerNode_t ***' differs in levels of indirection from 'PointerNode_t **'
C:\ikp\ikp\IKP\GarbageCollector.c(50,9): warning C4013: 'printf' undefined; assuming extern returning int
C:\ikp\ikp\IKP\GarbageCollector.c(58,32): warning C4047: 'function': 'PointerNode_t **' differs in levels of indirection from 'PointerNode_t ***'
C:\ikp\ikp\IKP\GarbageCollector.c(58,20): warning C4024: 'DeinitializeMap': different types for formal and actual parameter 1
C:\ikp\ikp\IKP\GarbageCollector.c(96,45): warning C4047: 'function': 'PointerNode_t **' differs in levels of indirection from 'PointerNode_t ***'
C:\ikp\ikp\IKP\GarbageCollector.c(96,33): warning C4024: 'hashPointer': different types for formal and actual parameter 2
C:\ikp\ikp\IKP\GarbageCollector.c(152,82): warning C4047: 'function': 'PointerNode_t **' differs in levels of indirection from 'PointerNode_t ***'
C:\ikp\ikp\IKP\GarbageCollector.c(152,70): warning C4024: 'getNodeFromPointer': different types for formal and actual parameter 2
C:\ikp\ikp\IKP\GarbageCollector.c(196,83): warning C4047: 'function': 'PointerNode_t **' differs in levels of indirection from 'PointerNode_t ***'
C:\ikp\ikp\IKP\GarbageCollector.c(196,71): warning C4024: 'getNodeFromPointer': different types for formal and actual parameter 2
C:\ikp\ikp\IKP\GarbageCollector.c(249,26): warning C4047: '=': 'PVOID' differs in levels of indirection from 'DWORD'
C:\ikp\ikp\IKP\GarbageCollector.c(250,27): warning C4047: '=': 'PVOID' differs in levels of indirection from 'DWORD'
C:\ikp\ikp\IKP\GarbageCollector.c(256,56): warning C4133: '<': incompatible types - from 'PVOID' to 'PBYTE'
C:\ikp\ikp\IKP\GarbageCollector.c(259,82): warning C4047: 'function': 'PointerNode_t **' differs in levels of indirection from 'PointerNode_t ***'
C:\ikp\ikp\IKP\GarbageCollector.c(259,70): warning C4024: 'getNodeFromPointer': different types for formal and actual parameter 2
C:\ikp\ikp\IKP\GarbageCollector.c(247,9): warning C4101: 'tib': unreferenced local variable
C:\ikp\ikp\IKP\GarbageCollector.c(283,82): warning C4047: 'function': 'PointerNode_t **' differs in levels of indirection from 'PointerNode_t ***'
C:\ikp\ikp\IKP\GarbageCollector.c(283,70): warning C4024: 'getNodeFromPointer': different types for formal and actual parameter 2
  HandleList.c
  Heap.c
  IKP.c
  PointerToNodeMap.c
C:\ikp\ikp\IKP\PointerToNodeMap.c(48,20): warning C4018: '<': signed/unsigned mismatch
  VirtualStack.c
  Generating Code...
C:\ikp\ikp\IKP\IKP.c(36): warning C4716: 'test_thread': must return a value
  IKP.vcxproj -> C:\ikp\ikp\Debug\IKP.exe
